{"numFailedTestSuites":1,"numFailedTests":2,"numPassedTestSuites":0,"numPassedTests":3,"numPendingTestSuites":0,"numPendingTests":0,"numRuntimeErrorTestSuites":0,"numTodoTests":0,"numTotalTestSuites":1,"numTotalTests":5,"openHandles":[],"snapshot":{"added":0,"didUpdate":false,"failure":false,"filesAdded":0,"filesRemoved":0,"filesRemovedList":[],"filesUnmatched":0,"filesUpdated":0,"matched":0,"total":0,"unchecked":0,"uncheckedKeysByFile":[],"unmatched":0,"updated":0},"startTime":1729748011710,"success":false,"testResults":[{"assertionResults":[{"ancestorTitles":["LogList"],"duration":36,"failureDetails":[],"failureMessages":[],"fullName":"LogList renders log entries","invocations":1,"location":null,"numPassingAsserts":3,"retryReasons":[],"status":"passed","title":"renders log entries"},{"ancestorTitles":["LogList"],"duration":35,"failureDetails":[],"failureMessages":[],"fullName":"LogList expands log entry on click","invocations":1,"location":null,"numPassingAsserts":1,"retryReasons":[],"status":"passed","title":"expands log entry on click"},{"ancestorTitles":["LogList"],"duration":2,"failureDetails":[],"failureMessages":[],"fullName":"LogList displays error message when error prop is provided","invocations":1,"location":null,"numPassingAsserts":1,"retryReasons":[],"status":"passed","title":"displays error message when error prop is provided"},{"ancestorTitles":["LogList"],"duration":3,"failureDetails":[{"name":"TestingLibraryElementError"}],"failureMessages":["TestingLibraryElementError: Unable to find an element with the text: No logs available.. This could be because the text is broken up by multiple elements. In this case, you can provide a function for your text matcher to make your matcher more flexible.\n\nIgnored nodes: comments, script, style\n\u001b[36m<body>\u001b[39m\n  \u001b[36m<div>\u001b[39m\n    \u001b[36m<div\u001b[39m\n      \u001b[33mclass\u001b[39m=\u001b[32m\"bg-blue-900 border border-blue-600 text-blue-100 px-4 py-3 rounded relative\"\u001b[39m\n      \u001b[33mrole\u001b[39m=\u001b[32m\"alert\"\u001b[39m\n    \u001b[36m>\u001b[39m\n      \u001b[36m<span\u001b[39m\n        \u001b[33mclass\u001b[39m=\u001b[32m\"block sm:inline\"\u001b[39m\n      \u001b[36m>\u001b[39m\n        \u001b[0mLoading logs...\u001b[0m\n      \u001b[36m</span>\u001b[39m\n    \u001b[36m</div>\u001b[39m\n  \u001b[36m</div>\u001b[39m\n\u001b[36m</body>\u001b[39m\n    at Object.getElementError (/Users/axallevil/Documents/Career/2024-applications/projects/dash0/otlp-log-viewer/node_modules/@testing-library/dom/dist/config.js:37:19)\n    at /Users/axallevil/Documents/Career/2024-applications/projects/dash0/otlp-log-viewer/node_modules/@testing-library/dom/dist/query-helpers.js:76:38\n    at /Users/axallevil/Documents/Career/2024-applications/projects/dash0/otlp-log-viewer/node_modules/@testing-library/dom/dist/query-helpers.js:52:17\n    at /Users/axallevil/Documents/Career/2024-applications/projects/dash0/otlp-log-viewer/node_modules/@testing-library/dom/dist/query-helpers.js:95:19\n    at Object.getByText (/Users/axallevil/Documents/Career/2024-applications/projects/dash0/otlp-log-viewer/components/ __tests__/LogList.test.tsx:92:19)\n    at Promise.then.completed (/Users/axallevil/Documents/Career/2024-applications/projects/dash0/otlp-log-viewer/node_modules/jest-circus/build/utils.js:298:28)\n    at new Promise (<anonymous>)\n    at callAsyncCircusFn (/Users/axallevil/Documents/Career/2024-applications/projects/dash0/otlp-log-viewer/node_modules/jest-circus/build/utils.js:231:10)\n    at _callCircusTest (/Users/axallevil/Documents/Career/2024-applications/projects/dash0/otlp-log-viewer/node_modules/jest-circus/build/run.js:316:40)\n    at _runTest (/Users/axallevil/Documents/Career/2024-applications/projects/dash0/otlp-log-viewer/node_modules/jest-circus/build/run.js:252:3)\n    at _runTestsForDescribeBlock (/Users/axallevil/Documents/Career/2024-applications/projects/dash0/otlp-log-viewer/node_modules/jest-circus/build/run.js:126:9)\n    at _runTestsForDescribeBlock (/Users/axallevil/Documents/Career/2024-applications/projects/dash0/otlp-log-viewer/node_modules/jest-circus/build/run.js:121:9)\n    at run (/Users/axallevil/Documents/Career/2024-applications/projects/dash0/otlp-log-viewer/node_modules/jest-circus/build/run.js:71:3)\n    at runAndTransformResultsToJestFormat (/Users/axallevil/Documents/Career/2024-applications/projects/dash0/otlp-log-viewer/node_modules/jest-circus/build/legacy-code-todo-rewrite/jestAdapterInit.js:122:21)\n    at jestAdapter (/Users/axallevil/Documents/Career/2024-applications/projects/dash0/otlp-log-viewer/node_modules/jest-circus/build/legacy-code-todo-rewrite/jestAdapter.js:79:19)\n    at runTestInternal (/Users/axallevil/Documents/Career/2024-applications/projects/dash0/otlp-log-viewer/node_modules/jest-runner/build/runTest.js:367:16)\n    at runTest (/Users/axallevil/Documents/Career/2024-applications/projects/dash0/otlp-log-viewer/node_modules/jest-runner/build/runTest.js:444:34)"],"fullName":"LogList displays no logs message when logs array is empty","invocations":1,"location":null,"numPassingAsserts":0,"retryReasons":[],"status":"failed","title":"displays no logs message when logs array is empty"},{"ancestorTitles":["LogList"],"duration":9,"failureDetails":[{"name":"TestingLibraryElementError"}],"failureMessages":["TestingLibraryElementError: Unable to find an element with the text: Showing 3 results. This could be because the text is broken up by multiple elements. In this case, you can provide a function for your text matcher to make your matcher more flexible.\n\nIgnored nodes: comments, script, style\n\u001b[36m<body>\u001b[39m\n  \u001b[36m<div>\u001b[39m\n    \u001b[36m<div\u001b[39m\n      \u001b[33mclass\u001b[39m=\u001b[32m\"space-y-2 bg-gray-900 text-gray-100 p-1\"\u001b[39m\n    \u001b[36m>\u001b[39m\n      \u001b[36m<div\u001b[39m\n        \u001b[33mclass\u001b[39m=\u001b[32m\"grid grid-cols-3 sm:grid-cols-4 md:grid-cols-7 gap-2\"\u001b[39m\n      \u001b[36m>\u001b[39m\n        \u001b[36m<div\u001b[39m\n          \u001b[33mclass\u001b[39m=\u001b[32m\"p-2 rounded-lg text-center\"\u001b[39m\n          \u001b[33mstyle\u001b[39m=\u001b[32m\"background-color: rgb(239, 68, 68);\"\u001b[39m\n        \u001b[36m>\u001b[39m\n          \u001b[36m<h3\u001b[39m\n            \u001b[33mclass\u001b[39m=\u001b[32m\"text-xs font-semibold\"\u001b[39m\n          \u001b[36m>\u001b[39m\n            \u001b[0mERROR\u001b[0m\n          \u001b[36m</h3>\u001b[39m\n          \u001b[36m<p\u001b[39m\n            \u001b[33mclass\u001b[39m=\u001b[32m\"text-sm font-semibold\"\u001b[39m\n          \u001b[36m>\u001b[39m\n            \u001b[0m1\u001b[0m\n          \u001b[36m</p>\u001b[39m\n        \u001b[36m</div>\u001b[39m\n        \u001b[36m<div\u001b[39m\n          \u001b[33mclass\u001b[39m=\u001b[32m\"p-2 rounded-lg text-center\"\u001b[39m\n          \u001b[33mstyle\u001b[39m=\u001b[32m\"background-color: rgb(16, 185, 129);\"\u001b[39m\n        \u001b[36m>\u001b[39m\n          \u001b[36m<h3\u001b[39m\n            \u001b[33mclass\u001b[39m=\u001b[32m\"text-xs font-semibold\"\u001b[39m\n          \u001b[36m>\u001b[39m\n            \u001b[0mINFO\u001b[0m\n          \u001b[36m</h3>\u001b[39m\n          \u001b[36m<p\u001b[39m\n            \u001b[33mclass\u001b[39m=\u001b[32m\"text-sm font-semibold\"\u001b[39m\n          \u001b[36m>\u001b[39m\n            \u001b[0m1\u001b[0m\n          \u001b[36m</p>\u001b[39m\n        \u001b[36m</div>\u001b[39m\n        \u001b[36m<div\u001b[39m\n          \u001b[33mclass\u001b[39m=\u001b[32m\"p-2 rounded-lg text-center\"\u001b[39m\n          \u001b[33mstyle\u001b[39m=\u001b[32m\"background-color: rgb(73, 37, 6);\"\u001b[39m\n        \u001b[36m>\u001b[39m\n          \u001b[36m<h3\u001b[39m\n            \u001b[33mclass\u001b[39m=\u001b[32m\"text-xs font-semibold\"\u001b[39m\n          \u001b[36m>\u001b[39m\n            \u001b[0mFATAL\u001b[0m\n          \u001b[36m</h3>\u001b[39m\n          \u001b[36m<p\u001b[39m\n            \u001b[33mclass\u001b[39m=\u001b[32m\"text-sm font-semibold\"\u001b[39m\n          \u001b[36m>\u001b[39m\n            \u001b[0m1\u001b[0m\n          \u001b[36m</p>\u001b[39m\n        \u001b[36m</div>\u001b[39m\n      \u001b[36m</div>\u001b[39m\n      \u001b[36m<div\u001b[39m\n        \u001b[33mclass\u001b[39m=\u001b[32m\"h-80 md:h-96 bg-gray-800 p-4 rounded-lg\"\u001b[39m\n      \u001b[36m>\u001b[39m\n        \u001b[36m<h2\u001b[39m\n          \u001b[33mclass\u001b[39m=\u001b[32m\"text-lg font-medium mb-4 flex items-center\"\u001b[39m\n        \u001b[36m>\u001b[39m\n          \u001b[0mLog Distribution (Histogram)\u001b[0m\n        \u001b[36m</h2>\u001b[39m\n        \u001b[36m<div>\u001b[39m\n          \u001b[36m<div>\u001b[39m\n            \u001b[36m<div>\u001b[39m\n              \u001b[0mCartesianGrid\u001b[0m\n            \u001b[36m</div>\u001b[39m\n            \u001b[36m<div>\u001b[39m\n              \u001b[0mXAxis\u001b[0m\n            \u001b[36m</div>\u001b[39m\n            \u001b[36m<div>\u001b[39m\n              \u001b[0mYAxis\u001b[0m\n            \u001b[36m</div>\u001b[39m\n            \u001b[36m<div>\u001b[39m\n              \u001b[0mTooltip\u001b[0m\n            \u001b[36m</div>\u001b[39m\n            \u001b[36m<div>\u001b[39m\n              \u001b[0mBar\u001b[0m\n            \u001b[36m</div>\u001b[39m\n          \u001b[36m</div>\u001b[39m\n        \u001b[36m</div>\u001b[39m\n      \u001b[36m</div>\u001b[39m\n      \u001b[36m<div\u001b[39m\n        \u001b[33mclass\u001b[39m=\u001b[32m\"flex justify-between items-center bg-gray-800 text-gray-100 p-3 rounded-lg\"\u001b[39m\n      \u001b[36m>\u001b[39m\n        \u001b[36m<div>\u001b[39m\n          \u001b[36m<p\u001b[39m\n            \u001b[33mclass\u001b[39m=\u001b[32m\"text-sm\"\u001b[39m\n          \u001b[36m>\u001b[39m\n            \u001b[0mShowing \u001b[0m\n            \u001b[36m<span\u001b[39m\n              \u001b[33mclass\u001b[39m=\u001b[32m\"text-gray-300\"\u001b[39m\n            \u001b[36m>\u001b[39m\n              \u001b[0m3\u001b[0m\n            \u001b[36m</span>\u001b[39m\n            \u001b[0m results\u001b[0m\n          \u001b[36m</p>\u001b[39m\n        \u001b[36m</div>\u001b[39m\n        \u001b[36m<div>\u001b[39m\n          \u001b[36m<p\u001b[39m\n            \u001b[33mclass\u001b[39m=\u001b[32m\"text-sm\"\u001b[39m\n          \u001b[36m>\u001b[39m\n            \u001b[0mErrors: \u001b[0m\n            \u001b[36m<span\u001b[39m\n              \u001b[33mclass\u001b[39m=\u001b[32m\"text-red-500\"\u001b[39m\n            \u001b[36m>\u001b[39m\n              \u001b[0m1\u001b[0m\n            \u001b[36m</span>\u001b[39m\n            \u001b[0m, Fatal: \u001b[0m\n            \u001b[36m<span\u001b[39m\n              \u001b[33mclass\u001b[39m=\u001b[32m\"text-red-700\"\u001b[39m\n            \u001b[36m>\u001b[39m\n              \u001b[0m1\u001b[0m\n            \u001b[36m</span>\u001b[39m\n          \u001b[36m</p>\u001b[39m\n        \u001b[36m</div>\u001b[39m\n      \u001b[36m</div>\u001b[39m\n      \u001b[36m<div\u001b[39m\n        \u001b[33mclass\u001b[39m=\u001b[32m\"overflow-x-auto\"\u001b[39m\n      \u001b[36m>\u001b[39m\n        \u001b[36m<div\u001b[39m\n          \u001b[33mclass\u001b[39m=\u001b[32m\"w-full overflow-auto\"\u001b[39m\n        \u001b[36m>\u001b[39m\n          \u001b[36m<table\u001b[39m\n            \u001b[33mclass\u001b[39m=\u001b[32m\"w-full caption-bottom text-sm\"\u001b[39m\n          \u001b[36m>\u001b[39m\n            \u001b[36m<thead\u001b[39m\n              \u001b[33mclass\u001b[39m=\u001b[32m\"[&_tr]:border-b border-gray-700 bg-gray-700 p-3\"\u001b[39m\n            \u001b[36m>\u001b[39m\n              \u001b[36m<tr\u001b[39m\n                \u001b[33mclass\u001b[39m=\u001b[32m\"border-b transition-colors hover:bg-gray-800/50 data-[state=selected]:bg-gray-800\"\u001b[39m\n              \u001b[36m>\u001b[39m\n                \u001b[36m<th\u001b[39m\n                  \u001b[33mclass\u001b[39m=\u001b[32m\"h-12 px-4 text-left align-middle font-medium text-gray-300 [&:has([role=checkbox])]:pr-0 [&>[role=checkbox]]:translate-y-[2px] w-[50px]\"\u001b[39m\n                \u001b[36m/>\u001b[39m\n                \u001b[36m<th\u001b[39m\n                  \u001b[33mclass\u001b[39m=\u001b[32m\"h-12 px-4 text-left align-middle font-medium text-gray-300 [&:has([role=checkbox])]:pr-0 [&>[role=checkbox]]:translate-y-[2px]\"\u001b[39m\n                \u001b[36m>\u001b[39m\n                  \u001b[0mSeverity\u001b[0m\n                \u001b[36m</th>\u001b[39m\n                \u001b[36m<th\u001b[39m\n                  \u001b[33mclass\u001b[39m=\u001b[32m\"h-12 px-4 text-left align-middle font-medium text-gray-300 [&:has([role=checkbox])]:pr-0 [&>[role=checkbox]]:translate-y-[2px]\"\u001b[39m\n                \u001b[36m>\u001b[39m\n                  \u001b[0mTime\u001b[0m\n                \u001b[36m</th>\u001b[39m\n                \u001b[36m<th\u001b[39m\n                  \u001b[33mclass\u001b[39m=\u001b[32m\"h-12 px-4 text-left align-middle font-medium text-gray-300 [&:has([role=checkbox])]:pr-0 [&>[role=checkbox]]:translate-y-[2px]\"\u001b[39m\n                \u001b[36m>\u001b[39m\n                  \u001b[0mBody\u001b[0m\n                \u001b[36m</th>\u001b[39m\n              \u001b[36m</tr>\u001b[39m\n            \u001b[36m</thead>\u001b[39m\n            \u001b[36m<tbody\u001b[39m\n              \u001b[33mclass\u001b[39m=\u001b[32m\"[&_tr:last-child]:border-0\"\u001b[39m\n            \u001b[36m>\u001b[39m\n              \u001b[36m<tr\u001b[39m\n                \u001b[33mclass\u001b[39m=\u001b[32m\"border-b transition-colors data-[state=selected]:bg-gray-800 bg-gray-800 cursor-pointer hover:bg-gray-700\"\u001b[39m\n              \u001b[36m>\u001b[39m\n                \u001b[36m<td\u001b[39m\n                  \u001b[33mclass\u001b[39m=\u001b[32m\"p-4 align-middle [&:has([role=checkbox])]:pr-0\"\u001b[39m\n                \u001b[36m>\u001b[39m\n                  \u001b[36m<svg\u001b[39m\n                    \u001b[33mclass\u001b[39m=\u001b[32m\"lucide lucide-chevron-right h-4 w-4\"\u001b[39m\n                    \u001b[33mfill\u001b[39m=\u001b[32m\"none\"\u001b[39m\n                    \u001b[33mheight\u001b[39m=\u001b[32m\"24\"\u001b[39m\n                    \u001b[33mstroke\u001b[39m=\u001b[32m\"currentColor\"\u001b[39m\n                    \u001b[33mstroke-linecap\u001b[39m=\u001b[32m\"round\"\u001b[39m\n                    \u001b[33mstroke-linejoin\u001b[39m=\u001b[32m\"round\"\u001b[39m\n                    \u001b[33mstroke-width\u001b[39m=\u001b[32m\"2\"\u001b[39m\n                    \u001b[33mviewBox\u001b[39m=\u001b[32m\"0 0 24 24\"\u001b[39m\n                    \u001b[33mwidth\u001b[39m=\u001b[32m\"24\"\u001b[39m\n                    \u001b[33mxmlns\u001b[39m=\u001b[32m\"http://www.w3.org/2000/svg\"\u001b[39m\n                  \u001b[36m>\u001b[39m\n                    \u001b[36m<path\u001b[39m\n                      \u001b[33md\u001b[39m=\u001b[32m\"m9 18 6-6-6-6\"\u001b[39m\n                    \u001b[36m/>\u001b[39m\n                  \u001b[36m</svg>\u001b[39m\n                \u001b[36m</td>\u001b[39m\n                \u001b[36m<td\u001b[39m\n                  \u001b[33mclass\u001b[39m=\u001b[32m\"p-4 align-middle [&:has([role=checkbox])]:pr-0\"\u001b[39m\n                \u001b[36m>\u001b[39m\n                  \u001b[36m<span\u001b[39m\n                    \u001b[33mclass\u001b[39m=\u001b[32m\"px-2 py-1 rounded text-xs\"\u001b[39m\n                    \u001b[33mstyle\u001b[39m=\u001b[32m\"background-color: rgb(239, 68, 68);\"\u001b[39m\n                  \u001b[36m>\u001b[39m\n                    \u001b[0mERROR\u001b[0m\n                  \u001b[36m</span>\u001b[39m\n                \u001b[36m</td>\u001b[39m\n                \u001b[36m<td\u001b[39m\n                  \u001b[33mclass\u001b[39m=\u001b[32m\"p-4 align-middle [&:has([role=checkbox])]:pr-0\"\u001b[39m\n                \u001b[36m>\u001b[39m\n                  \u001b[0m01/07/2021\u001b[0m\n                \u001b[36m</td>\u001b[39m\n                \u001b[36m<td\u001b[39m\n                  \u001b[33mclass\u001b[39m=\u001b[32m\"p-4 align-middle [&:has([role=checkbox])]:pr-0 font-mono\"\u001b[39m\n                \u001b[36m>\u001b[39m\n                  \u001b[0mTest error log\u001b[0m\n                \u001b[36m</td>\u001b[39m\n              \u001b[36m</tr>\u001b[39m\n              \u001b[36m<tr\u001b[39m\n                \u001b[33mclass\u001b[39m=\u001b[32m\"border-b transition-colors data-[state=selected]:bg-gray-800 bg-gray-800 cursor-pointer hover:bg-gray-700\"\u001b[39m\n              \u001b[36m>\u001b[39m\n                \u001b[36m<td\u001b[39m\n                  \u001b[33mclass\u001b[39m=\u001b[32m\"p-4 align-middle [&:has([role=checkbox])]:pr-0\"\u001b[39m\n                \u001b[36m>\u001b[39m\n                  \u001b[36m<svg\u001b[39m\n                    \u001b[33mclass\u001b[39m=\u001b[32m\"lucide lucide-chevron-right h-4 w-4\"\u001b[39m\n                    \u001b[33mfill\u001b[39m=\u001b[32m\"none\"\u001b[39m\n                    \u001b[33mheight\u001b[39m=\u001b[32m\"24\"\u001b[39m\n                    \u001b[33mstroke\u001b[39m=\u001b[32m\"currentColor\"\u001b[39m\n                    \u001b[33mstroke-linecap\u001b[39m=\u001b[32m\"round\"\u001b[39m\n                    \u001b[33mstroke-linejoin\u001b[39m=\u001b[32m\"round\"\u001b[39m\n                    \u001b[33mstroke-width\u001b[39m=\u001b[32m\"2\"\u001b[39m\n                    \u001b[33mviewBox\u001b[39m=\u001b[32m\"0 0 24 24\"\u001b[39m\n                    \u001b[33mwidth\u001b[39m=\u001b[32m\"24\"\u001b[39m\n                    \u001b[33mxmlns\u001b[39m=\u001b[32m\"http://www.w3.org/2000/svg\"\u001b[39m\n                  \u001b[36m>\u001b[39m\n                    \u001b[36m<path\u001b[39m\n                      \u001b[33md\u001b[39m=\u001b[32m\"m9 18 6-6-6-6\"\u001b[39m\n                    \u001b[36m/>\u001b[39m\n                  \u001b[36m</svg>\u001b[39m\n                \u001b[36m</td>\u001b[39m\n                \u001b[36m<td\u001b[39m\n                  \u001b[33mclass\u001b[39m=\u001b[32m\"p-4 align-middle [&:has([role=checkbox])]:pr-0\"\u001b[39m\n                \u001b[36m>\u001b[39m\n                  \u001b[36m<span\u001b[39m\n                    \u001b[33mclass\u001b[39m=\u001b[32m\"px-2 py-1 rounded text-xs\"\u001b[39m\n                    \u001b[33mstyle\u001b[39m=\u001b[32m\"background-color: rgb(16, 185, 129);\"\u001b[39m\n                  \u001b[36m>\u001b[39m\n                    \u001b[0mINFO\u001b[0m\n                  \u001b[36m</span>\u001b[39m\n                \u001b[36m</td>\u001b[39m\n                \u001b[36m<td\u001b[39m\n                  \u001b[33mclass\u001b[39m=\u001b[32m\"p-4 align-middle [&:has([role=checkbox])]:pr-0\"\u001b[39m\n                \u001b[36m>\u001b[39m\n                  \u001b[0m01/07/2021\u001b[0m\n                \u001b[36m</td>\u001b[39m\n                \u001b[36m<td\u001b[39m\n                  \u001b[33mclass\u001b[39m=\u001b[32m\"p-4 align-middle [&:has([role=checkbox])]:pr-0 font-mono\"\u001b[39m\n                \u001b[36m>\u001b[39m\n                  \u001b[0mTest info log\u001b[0m\n                \u001b[36m</td>\u001b[39m\n              \u001b[36m</tr>\u001b[39m\n              \u001b[36m<tr\u001b[39m\n                \u001b[33mclass\u001b[39m=\u001b[32m\"border-b transition-colors data-[state=selected]:bg-gray-800 bg-gray-800 cursor-pointer hover:bg-gray-700\"\u001b[39m\n              \u001b[36m>\u001b[39m\n                \u001b[36m<td\u001b[39m\n                  \u001b[33mclass\u001b[39m=\u001b[32m\"p-4 align-middle [&:has([role=checkbox])]:pr-0\"\u001b[39m\n                \u001b[36m>\u001b[39m\n                  \u001b[36m<svg\u001b[39m\n                    \u001b[33mclass\u001b[39m=\u001b[32m\"lucide lucide-chevron-right h-4 w-4\"\u001b[39m\n                    \u001b[33mfill\u001b[39m=\u001b[32m\"none\"\u001b[39m\n                    \u001b[33mheight\u001b[39m=\u001b[32m\"24\"\u001b[39m\n                    \u001b[33mstroke\u001b[39m=\u001b[32m\"currentColor\"\u001b[39m\n                    \u001b[33mstroke-linecap\u001b[39m=\u001b[32m\"round\"\u001b[39m\n                    \u001b[33mstroke-linejoin\u001b[39m=\u001b[32m\"round\"\u001b[39m\n                    \u001b[33mstroke-width\u001b[39m=\u001b[32m\"2\"\u001b[39m\n                    \u001b[33mviewBox\u001b[39m=\u001b[32m\"0 0 24 24\"\u001b[39m\n                    \u001b[33mwidth\u001b[39m=\u001b[32m\"24\"\u001b[39m\n                    \u001b[33mxmlns\u001b[39m=\u001b[32m\"http://www.w3.org/2000/svg\"\u001b[39m\n                  \u001b[36m>\u001b[39m\n                    \u001b[36m<path\u001b[39m\n                      \u001b[33md\u001b[39m=\u001b[32m\"m9 18 6-6-6-6\"\u001b[39m\n                    \u001b[36m/>\u001b[39m\n                  \u001b[36m</svg>\u001b[39m\n                \u001b[36m</td>\u001b[39m\n                \u001b[36m<td\u001b[39m\n                  \u001b[33mclass\u001b[39m=\u001b[32m\"p-4 align-middle [&:has([role=checkbox])]:pr-0\"\u001b[39m\n                \u001b[36m>\u001b[39m\n                  \u001b[36m<span\u001b[39m\n                    \u001b[33mclass\u001b[39m=\u001b[32m\"px-2 py-1 rounded text-xs\"\u001b[39m\n                    \u001b[33mstyle\u001b[39m=\u001b[32m\"background-color: rgb(73, 37, 6);\"\u001b[39m\n                  \u001b[36m>\u001b[39m\n                    \u001b[0mFATAL\u001b[0m\n                  \u001b[36m</span>\u001b[39m\n                \u001b[36m</td>\u001b[39m\n                \u001b[36m<td\u001b[39m\n                  \u001b[33mclass\u001b[39m=\u001b[32m\"p-4 align-middle [&:has([role=checkbox])]:pr-0\"\u001b[39m\n                \u001b[36m>\u001b[39m\n                  \u001b[0m01/07/2021\u001b[0m\n                \u001b[36m</td>\u001b[39m\n                \u001b[36m<td\u001b[39m\n                  \u001b[33mclass\u001b[39m=\u001b[32m\"p-4 align-middle [&:has([role=checkbox])]:pr-0 font-mono\"\u001b[39m\n                \u001b[36m>\u001b[39m\n                  \u001b[0mTest fatal log\u001b[0m\n                \u001b[36m</td>\u001b[39m\n              \u001b[36m</tr>\u001b[39m\n            \u001b[36m</tbody>\u001b[39m\n          \u001b[36m</table>\u001b[39m\n        \u001b[36m</div>\u001b[39m\n      \u001b[36m</div>\u001b[39m\n    \u001b[36m</div>\u001b[39m\n  \u001b[36m</div>\u001b[39m\n\u001b[36m</body>\u001b[39m\n    at Object.getElementError (/Users/axallevil/Documents/Career/2024-applications/projects/dash0/otlp-log-viewer/node_modules/@testing-library/dom/dist/config.js:37:19)\n    at /Users/axallevil/Documents/Career/2024-applications/projects/dash0/otlp-log-viewer/node_modules/@testing-library/dom/dist/query-helpers.js:76:38\n    at /Users/axallevil/Documents/Career/2024-applications/projects/dash0/otlp-log-viewer/node_modules/@testing-library/dom/dist/query-helpers.js:52:17\n    at /Users/axallevil/Documents/Career/2024-applications/projects/dash0/otlp-log-viewer/node_modules/@testing-library/dom/dist/query-helpers.js:95:19\n    at Object.getByText (/Users/axallevil/Documents/Career/2024-applications/projects/dash0/otlp-log-viewer/components/ __tests__/LogList.test.tsx:103:19)\n    at Promise.then.completed (/Users/axallevil/Documents/Career/2024-applications/projects/dash0/otlp-log-viewer/node_modules/jest-circus/build/utils.js:298:28)\n    at new Promise (<anonymous>)\n    at callAsyncCircusFn (/Users/axallevil/Documents/Career/2024-applications/projects/dash0/otlp-log-viewer/node_modules/jest-circus/build/utils.js:231:10)\n    at _callCircusTest (/Users/axallevil/Documents/Career/2024-applications/projects/dash0/otlp-log-viewer/node_modules/jest-circus/build/run.js:316:40)\n    at _runTest (/Users/axallevil/Documents/Career/2024-applications/projects/dash0/otlp-log-viewer/node_modules/jest-circus/build/run.js:252:3)\n    at _runTestsForDescribeBlock (/Users/axallevil/Documents/Career/2024-applications/projects/dash0/otlp-log-viewer/node_modules/jest-circus/build/run.js:126:9)\n    at _runTestsForDescribeBlock (/Users/axallevil/Documents/Career/2024-applications/projects/dash0/otlp-log-viewer/node_modules/jest-circus/build/run.js:121:9)\n    at run (/Users/axallevil/Documents/Career/2024-applications/projects/dash0/otlp-log-viewer/node_modules/jest-circus/build/run.js:71:3)\n    at runAndTransformResultsToJestFormat (/Users/axallevil/Documents/Career/2024-applications/projects/dash0/otlp-log-viewer/node_modules/jest-circus/build/legacy-code-todo-rewrite/jestAdapterInit.js:122:21)\n    at jestAdapter (/Users/axallevil/Documents/Career/2024-applications/projects/dash0/otlp-log-viewer/node_modules/jest-circus/build/legacy-code-todo-rewrite/jestAdapter.js:79:19)\n    at runTestInternal (/Users/axallevil/Documents/Career/2024-applications/projects/dash0/otlp-log-viewer/node_modules/jest-runner/build/runTest.js:367:16)\n    at runTest (/Users/axallevil/Documents/Career/2024-applications/projects/dash0/otlp-log-viewer/node_modules/jest-runner/build/runTest.js:444:34)"],"fullName":"LogList displays total number of logs, errors, and fatal logs","invocations":1,"location":null,"numPassingAsserts":0,"retryReasons":[],"status":"failed","title":"displays total number of logs, errors, and fatal logs"}],"endTime":1729748012289,"message":"\u001b[1m\u001b[31m  \u001b[1m● \u001b[22m\u001b[1mLogList › displays no logs message when logs array is empty\u001b[39m\u001b[22m\n\n    TestingLibraryElementError: Unable to find an element with the text: No logs available.. This could be because the text is broken up by multiple elements. In this case, you can provide a function for your text matcher to make your matcher more flexible.\n\n    Ignored nodes: comments, script, style\n    \u001b[36m<body>\u001b[39m\n      \u001b[36m<div>\u001b[39m\n        \u001b[36m<div\u001b[39m\n          \u001b[33mclass\u001b[39m=\u001b[32m\"bg-blue-900 border border-blue-600 text-blue-100 px-4 py-3 rounded relative\"\u001b[39m\n          \u001b[33mrole\u001b[39m=\u001b[32m\"alert\"\u001b[39m\n        \u001b[36m>\u001b[39m\n          \u001b[36m<span\u001b[39m\n            \u001b[33mclass\u001b[39m=\u001b[32m\"block sm:inline\"\u001b[39m\n          \u001b[36m>\u001b[39m\n            \u001b[0mLoading logs...\u001b[0m\n          \u001b[36m</span>\u001b[39m\n        \u001b[36m</div>\u001b[39m\n      \u001b[36m</div>\u001b[39m\n    \u001b[36m</body>\u001b[39m\n\u001b[2m\u001b[22m\n\u001b[2m    \u001b[0m \u001b[90m 90 |\u001b[39m     )\u001b[33m;\u001b[39m\u001b[22m\n\u001b[2m     \u001b[90m 91 |\u001b[39m\u001b[22m\n\u001b[2m    \u001b[31m\u001b[1m>\u001b[22m\u001b[2m\u001b[39m\u001b[90m 92 |\u001b[39m     expect(screen\u001b[33m.\u001b[39mgetByText(\u001b[32m\"No logs available.\"\u001b[39m))\u001b[33m.\u001b[39mtoBeInTheDocument()\u001b[33m;\u001b[39m\u001b[22m\n\u001b[2m     \u001b[90m    |\u001b[39m                   \u001b[31m\u001b[1m^\u001b[22m\u001b[2m\u001b[39m\u001b[22m\n\u001b[2m     \u001b[90m 93 |\u001b[39m   })\u001b[33m;\u001b[39m\u001b[22m\n\u001b[2m     \u001b[90m 94 |\u001b[39m\u001b[22m\n\u001b[2m     \u001b[90m 95 |\u001b[39m   it(\u001b[32m\"displays total number of logs, errors, and fatal logs\"\u001b[39m\u001b[33m,\u001b[39m () \u001b[33m=>\u001b[39m {\u001b[0m\u001b[22m\n\u001b[2m\u001b[22m\n\u001b[2m      \u001b[2mat Object.getElementError (\u001b[22m\u001b[2mnode_modules/@testing-library/dom/dist/config.js\u001b[2m:37:19)\u001b[22m\u001b[2m\u001b[22m\n\u001b[2m      \u001b[2mat \u001b[22m\u001b[2mnode_modules/@testing-library/dom/dist/query-helpers.js\u001b[2m:76:38\u001b[22m\u001b[2m\u001b[22m\n\u001b[2m      \u001b[2mat \u001b[22m\u001b[2mnode_modules/@testing-library/dom/dist/query-helpers.js\u001b[2m:52:17\u001b[22m\u001b[2m\u001b[22m\n\u001b[2m      \u001b[2mat \u001b[22m\u001b[2mnode_modules/@testing-library/dom/dist/query-helpers.js\u001b[2m:95:19\u001b[22m\u001b[2m\u001b[22m\n\u001b[2m      \u001b[2mat Object.getByText (\u001b[22m\u001b[2m\u001b[0m\u001b[36mcomponents/ __tests__/LogList.test.tsx\u001b[39m\u001b[0m\u001b[2m:92:19)\u001b[22m\u001b[2m\u001b[22m\n\n\u001b[1m\u001b[31m  \u001b[1m● \u001b[22m\u001b[1mLogList › displays total number of logs, errors, and fatal logs\u001b[39m\u001b[22m\n\n    TestingLibraryElementError: Unable to find an element with the text: Showing 3 results. This could be because the text is broken up by multiple elements. In this case, you can provide a function for your text matcher to make your matcher more flexible.\n\n    Ignored nodes: comments, script, style\n    \u001b[36m<body>\u001b[39m\n      \u001b[36m<div>\u001b[39m\n        \u001b[36m<div\u001b[39m\n          \u001b[33mclass\u001b[39m=\u001b[32m\"space-y-2 bg-gray-900 text-gray-100 p-1\"\u001b[39m\n        \u001b[36m>\u001b[39m\n          \u001b[36m<div\u001b[39m\n            \u001b[33mclass\u001b[39m=\u001b[32m\"grid grid-cols-3 sm:grid-cols-4 md:grid-cols-7 gap-2\"\u001b[39m\n          \u001b[36m>\u001b[39m\n            \u001b[36m<div\u001b[39m\n              \u001b[33mclass\u001b[39m=\u001b[32m\"p-2 rounded-lg text-center\"\u001b[39m\n              \u001b[33mstyle\u001b[39m=\u001b[32m\"background-color: rgb(239, 68, 68);\"\u001b[39m\n            \u001b[36m>\u001b[39m\n              \u001b[36m<h3\u001b[39m\n                \u001b[33mclass\u001b[39m=\u001b[32m\"text-xs font-semibold\"\u001b[39m\n              \u001b[36m>\u001b[39m\n                \u001b[0mERROR\u001b[0m\n              \u001b[36m</h3>\u001b[39m\n              \u001b[36m<p\u001b[39m\n                \u001b[33mclass\u001b[39m=\u001b[32m\"text-sm font-semibold\"\u001b[39m\n              \u001b[36m>\u001b[39m\n                \u001b[0m1\u001b[0m\n              \u001b[36m</p>\u001b[39m\n            \u001b[36m</div>\u001b[39m\n            \u001b[36m<div\u001b[39m\n              \u001b[33mclass\u001b[39m=\u001b[32m\"p-2 rounded-lg text-center\"\u001b[39m\n              \u001b[33mstyle\u001b[39m=\u001b[32m\"background-color: rgb(16, 185, 129);\"\u001b[39m\n            \u001b[36m>\u001b[39m\n              \u001b[36m<h3\u001b[39m\n                \u001b[33mclass\u001b[39m=\u001b[32m\"text-xs font-semibold\"\u001b[39m\n              \u001b[36m>\u001b[39m\n                \u001b[0mINFO\u001b[0m\n              \u001b[36m</h3>\u001b[39m\n              \u001b[36m<p\u001b[39m\n                \u001b[33mclass\u001b[39m=\u001b[32m\"text-sm font-semibold\"\u001b[39m\n              \u001b[36m>\u001b[39m\n                \u001b[0m1\u001b[0m\n              \u001b[36m</p>\u001b[39m\n            \u001b[36m</div>\u001b[39m\n            \u001b[36m<div\u001b[39m\n              \u001b[33mclass\u001b[39m=\u001b[32m\"p-2 rounded-lg text-center\"\u001b[39m\n              \u001b[33mstyle\u001b[39m=\u001b[32m\"background-color: rgb(73, 37, 6);\"\u001b[39m\n            \u001b[36m>\u001b[39m\n              \u001b[36m<h3\u001b[39m\n                \u001b[33mclass\u001b[39m=\u001b[32m\"text-xs font-semibold\"\u001b[39m\n              \u001b[36m>\u001b[39m\n                \u001b[0mFATAL\u001b[0m\n              \u001b[36m</h3>\u001b[39m\n              \u001b[36m<p\u001b[39m\n                \u001b[33mclass\u001b[39m=\u001b[32m\"text-sm font-semibold\"\u001b[39m\n              \u001b[36m>\u001b[39m\n                \u001b[0m1\u001b[0m\n              \u001b[36m</p>\u001b[39m\n            \u001b[36m</div>\u001b[39m\n          \u001b[36m</div>\u001b[39m\n          \u001b[36m<div\u001b[39m\n            \u001b[33mclass\u001b[39m=\u001b[32m\"h-80 md:h-96 bg-gray-800 p-4 rounded-lg\"\u001b[39m\n          \u001b[36m>\u001b[39m\n            \u001b[36m<h2\u001b[39m\n              \u001b[33mclass\u001b[39m=\u001b[32m\"text-lg font-medium mb-4 flex items-center\"\u001b[39m\n            \u001b[36m>\u001b[39m\n              \u001b[0mLog Distribution (Histogram)\u001b[0m\n            \u001b[36m</h2>\u001b[39m\n            \u001b[36m<div>\u001b[39m\n              \u001b[36m<div>\u001b[39m\n                \u001b[36m<div>\u001b[39m\n                  \u001b[0mCartesianGrid\u001b[0m\n                \u001b[36m</div>\u001b[39m\n                \u001b[36m<div>\u001b[39m\n                  \u001b[0mXAxis\u001b[0m\n                \u001b[36m</div>\u001b[39m\n                \u001b[36m<div>\u001b[39m\n                  \u001b[0mYAxis\u001b[0m\n                \u001b[36m</div>\u001b[39m\n                \u001b[36m<div>\u001b[39m\n                  \u001b[0mTooltip\u001b[0m\n                \u001b[36m</div>\u001b[39m\n                \u001b[36m<div>\u001b[39m\n                  \u001b[0mBar\u001b[0m\n                \u001b[36m</div>\u001b[39m\n              \u001b[36m</div>\u001b[39m\n            \u001b[36m</div>\u001b[39m\n          \u001b[36m</div>\u001b[39m\n          \u001b[36m<div\u001b[39m\n            \u001b[33mclass\u001b[39m=\u001b[32m\"flex justify-between items-center bg-gray-800 text-gray-100 p-3 rounded-lg\"\u001b[39m\n          \u001b[36m>\u001b[39m\n            \u001b[36m<div>\u001b[39m\n              \u001b[36m<p\u001b[39m\n                \u001b[33mclass\u001b[39m=\u001b[32m\"text-sm\"\u001b[39m\n              \u001b[36m>\u001b[39m\n                \u001b[0mShowing \u001b[0m\n                \u001b[36m<span\u001b[39m\n                  \u001b[33mclass\u001b[39m=\u001b[32m\"text-gray-300\"\u001b[39m\n                \u001b[36m>\u001b[39m\n                  \u001b[0m3\u001b[0m\n                \u001b[36m</span>\u001b[39m\n                \u001b[0m results\u001b[0m\n              \u001b[36m</p>\u001b[39m\n            \u001b[36m</div>\u001b[39m\n            \u001b[36m<div>\u001b[39m\n              \u001b[36m<p\u001b[39m\n                \u001b[33mclass\u001b[39m=\u001b[32m\"text-sm\"\u001b[39m\n              \u001b[36m>\u001b[39m\n                \u001b[0mErrors: \u001b[0m\n                \u001b[36m<span\u001b[39m\n                  \u001b[33mclass\u001b[39m=\u001b[32m\"text-red-500\"\u001b[39m\n                \u001b[36m>\u001b[39m\n                  \u001b[0m1\u001b[0m\n                \u001b[36m</span>\u001b[39m\n                \u001b[0m, Fatal: \u001b[0m\n                \u001b[36m<span\u001b[39m\n                  \u001b[33mclass\u001b[39m=\u001b[32m\"text-red-700\"\u001b[39m\n                \u001b[36m>\u001b[39m\n                  \u001b[0m1\u001b[0m\n                \u001b[36m</span>\u001b[39m\n              \u001b[36m</p>\u001b[39m\n            \u001b[36m</div>\u001b[39m\n          \u001b[36m</div>\u001b[39m\n          \u001b[36m<div\u001b[39m\n            \u001b[33mclass\u001b[39m=\u001b[32m\"overflow-x-auto\"\u001b[39m\n          \u001b[36m>\u001b[39m\n            \u001b[36m<div\u001b[39m\n              \u001b[33mclass\u001b[39m=\u001b[32m\"w-full overflow-auto\"\u001b[39m\n            \u001b[36m>\u001b[39m\n              \u001b[36m<table\u001b[39m\n                \u001b[33mclass\u001b[39m=\u001b[32m\"w-full caption-bottom text-sm\"\u001b[39m\n              \u001b[36m>\u001b[39m\n                \u001b[36m<thead\u001b[39m\n                  \u001b[33mclass\u001b[39m=\u001b[32m\"[&_tr]:border-b border-gray-700 bg-gray-700 p-3\"\u001b[39m\n                \u001b[36m>\u001b[39m\n                  \u001b[36m<tr\u001b[39m\n                    \u001b[33mclass\u001b[39m=\u001b[32m\"border-b transition-colors hover:bg-gray-800/50 data-[state=selected]:bg-gray-800\"\u001b[39m\n                  \u001b[36m>\u001b[39m\n                    \u001b[36m<th\u001b[39m\n                      \u001b[33mclass\u001b[39m=\u001b[32m\"h-12 px-4 text-left align-middle font-medium text-gray-300 [&:has([role=checkbox])]:pr-0 [&>[role=checkbox]]:translate-y-[2px] w-[50px]\"\u001b[39m\n                    \u001b[36m/>\u001b[39m\n                    \u001b[36m<th\u001b[39m\n                      \u001b[33mclass\u001b[39m=\u001b[32m\"h-12 px-4 text-left align-middle font-medium text-gray-300 [&:has([role=checkbox])]:pr-0 [&>[role=checkbox]]:translate-y-[2px]\"\u001b[39m\n                    \u001b[36m>\u001b[39m\n                      \u001b[0mSeverity\u001b[0m\n                    \u001b[36m</th>\u001b[39m\n                    \u001b[36m<th\u001b[39m\n                      \u001b[33mclass\u001b[39m=\u001b[32m\"h-12 px-4 text-left align-middle font-medium text-gray-300 [&:has([role=checkbox])]:pr-0 [&>[role=checkbox]]:translate-y-[2px]\"\u001b[39m\n                    \u001b[36m>\u001b[39m\n                      \u001b[0mTime\u001b[0m\n                    \u001b[36m</th>\u001b[39m\n                    \u001b[36m<th\u001b[39m\n                      \u001b[33mclass\u001b[39m=\u001b[32m\"h-12 px-4 text-left align-middle font-medium text-gray-300 [&:has([role=checkbox])]:pr-0 [&>[role=checkbox]]:translate-y-[2px]\"\u001b[39m\n                    \u001b[36m>\u001b[39m\n                      \u001b[0mBody\u001b[0m\n                    \u001b[36m</th>\u001b[39m\n                  \u001b[36m</tr>\u001b[39m\n                \u001b[36m</thead>\u001b[39m\n                \u001b[36m<tbody\u001b[39m\n                  \u001b[33mclass\u001b[39m=\u001b[32m\"[&_tr:last-child]:border-0\"\u001b[39m\n                \u001b[36m>\u001b[39m\n                  \u001b[36m<tr\u001b[39m\n                    \u001b[33mclass\u001b[39m=\u001b[32m\"border-b transition-colors data-[state=selected]:bg-gray-800 bg-gray-800 cursor-pointer hover:bg-gray-700\"\u001b[39m\n                  \u001b[36m>\u001b[39m\n                    \u001b[36m<td\u001b[39m\n                      \u001b[33mclass\u001b[39m=\u001b[32m\"p-4 align-middle [&:has([role=checkbox])]:pr-0\"\u001b[39m\n                    \u001b[36m>\u001b[39m\n                      \u001b[36m<svg\u001b[39m\n                        \u001b[33mclass\u001b[39m=\u001b[32m\"lucide lucide-chevron-right h-4 w-4\"\u001b[39m\n                        \u001b[33mfill\u001b[39m=\u001b[32m\"none\"\u001b[39m\n                        \u001b[33mheight\u001b[39m=\u001b[32m\"24\"\u001b[39m\n                        \u001b[33mstroke\u001b[39m=\u001b[32m\"currentColor\"\u001b[39m\n                        \u001b[33mstroke-linecap\u001b[39m=\u001b[32m\"round\"\u001b[39m\n                        \u001b[33mstroke-linejoin\u001b[39m=\u001b[32m\"round\"\u001b[39m\n                        \u001b[33mstroke-width\u001b[39m=\u001b[32m\"2\"\u001b[39m\n                        \u001b[33mviewBox\u001b[39m=\u001b[32m\"0 0 24 24\"\u001b[39m\n                        \u001b[33mwidth\u001b[39m=\u001b[32m\"24\"\u001b[39m\n                        \u001b[33mxmlns\u001b[39m=\u001b[32m\"http://www.w3.org/2000/svg\"\u001b[39m\n                      \u001b[36m>\u001b[39m\n                        \u001b[36m<path\u001b[39m\n                          \u001b[33md\u001b[39m=\u001b[32m\"m9 18 6-6-6-6\"\u001b[39m\n                        \u001b[36m/>\u001b[39m\n                      \u001b[36m</svg>\u001b[39m\n                    \u001b[36m</td>\u001b[39m\n                    \u001b[36m<td\u001b[39m\n                      \u001b[33mclass\u001b[39m=\u001b[32m\"p-4 align-middle [&:has([role=checkbox])]:pr-0\"\u001b[39m\n                    \u001b[36m>\u001b[39m\n                      \u001b[36m<span\u001b[39m\n                        \u001b[33mclass\u001b[39m=\u001b[32m\"px-2 py-1 rounded text-xs\"\u001b[39m\n                        \u001b[33mstyle\u001b[39m=\u001b[32m\"background-color: rgb(239, 68, 68);\"\u001b[39m\n                      \u001b[36m>\u001b[39m\n                        \u001b[0mERROR\u001b[0m\n                      \u001b[36m</span>\u001b[39m\n                    \u001b[36m</td>\u001b[39m\n                    \u001b[36m<td\u001b[39m\n                      \u001b[33mclass\u001b[39m=\u001b[32m\"p-4 align-middle [&:has([role=checkbox])]:pr-0\"\u001b[39m\n                    \u001b[36m>\u001b[39m\n                      \u001b[0m01/07/2021\u001b[0m\n                    \u001b[36m</td>\u001b[39m\n                    \u001b[36m<td\u001b[39m\n                      \u001b[33mclass\u001b[39m=\u001b[32m\"p-4 align-middle [&:has([role=checkbox])]:pr-0 font-mono\"\u001b[39m\n                    \u001b[36m>\u001b[39m\n                      \u001b[0mTest error log\u001b[0m\n                    \u001b[36m</td>\u001b[39m\n                  \u001b[36m</tr>\u001b[39m\n                  \u001b[36m<tr\u001b[39m\n                    \u001b[33mclass\u001b[39m=\u001b[32m\"border-b transition-colors data-[state=selected]:bg-gray-800 bg-gray-800 cursor-pointer hover:bg-gray-700\"\u001b[39m\n                  \u001b[36m>\u001b[39m\n                    \u001b[36m<td\u001b[39m\n                      \u001b[33mclass\u001b[39m=\u001b[32m\"p-4 align-middle [&:has([role=checkbox])]:pr-0\"\u001b[39m\n                    \u001b[36m>\u001b[39m\n                      \u001b[36m<svg\u001b[39m\n                        \u001b[33mclass\u001b[39m=\u001b[32m\"lucide lucide-chevron-right h-4 w-4\"\u001b[39m\n                        \u001b[33mfill\u001b[39m=\u001b[32m\"none\"\u001b[39m\n                        \u001b[33mheight\u001b[39m=\u001b[32m\"24\"\u001b[39m\n                        \u001b[33mstroke\u001b[39m=\u001b[32m\"currentColor\"\u001b[39m\n                        \u001b[33mstroke-linecap\u001b[39m=\u001b[32m\"round\"\u001b[39m\n                        \u001b[33mstroke-linejoin\u001b[39m=\u001b[32m\"round\"\u001b[39m\n                        \u001b[33mstroke-width\u001b[39m=\u001b[32m\"2\"\u001b[39m\n                        \u001b[33mviewBox\u001b[39m=\u001b[32m\"0 0 24 24\"\u001b[39m\n                        \u001b[33mwidth\u001b[39m=\u001b[32m\"24\"\u001b[39m\n                        \u001b[33mxmlns\u001b[39m=\u001b[32m\"http://www.w3.org/2000/svg\"\u001b[39m\n                      \u001b[36m>\u001b[39m\n                        \u001b[36m<path\u001b[39m\n                          \u001b[33md\u001b[39m=\u001b[32m\"m9 18 6-6-6-6\"\u001b[39m\n                        \u001b[36m/>\u001b[39m\n                      \u001b[36m</svg>\u001b[39m\n                    \u001b[36m</td>\u001b[39m\n                    \u001b[36m<td\u001b[39m\n                      \u001b[33mclass\u001b[39m=\u001b[32m\"p-4 align-middle [&:has([role=checkbox])]:pr-0\"\u001b[39m\n                    \u001b[36m>\u001b[39m\n                      \u001b[36m<span\u001b[39m\n                        \u001b[33mclass\u001b[39m=\u001b[32m\"px-2 py-1 rounded text-xs\"\u001b[39m\n                        \u001b[33mstyle\u001b[39m=\u001b[32m\"background-color: rgb(16, 185, 129);\"\u001b[39m\n                      \u001b[36m>\u001b[39m\n                        \u001b[0mINFO\u001b[0m\n                      \u001b[36m</span>\u001b[39m\n                    \u001b[36m</td>\u001b[39m\n                    \u001b[36m<td\u001b[39m\n                      \u001b[33mclass\u001b[39m=\u001b[32m\"p-4 align-middle [&:has([role=checkbox])]:pr-0\"\u001b[39m\n                    \u001b[36m>\u001b[39m\n                      \u001b[0m01/07/2021\u001b[0m\n                    \u001b[36m</td>\u001b[39m\n                    \u001b[36m<td\u001b[39m\n                      \u001b[33mclass\u001b[39m=\u001b[32m\"p-4 align-middle [&:has([role=checkbox])]:pr-0 font-mono\"\u001b[39m\n                    \u001b[36m>\u001b[39m\n                      \u001b[0mTest info log\u001b[0m\n                    \u001b[36m</td>\u001b[39m\n                  \u001b[36m</tr>\u001b[39m\n                  \u001b[36m<tr\u001b[39m\n                    \u001b[33mclass\u001b[39m=\u001b[32m\"border-b transition-colors data-[state=selected]:bg-gray-800 bg-gray-800 cursor-pointer hover:bg-gray-700\"\u001b[39m\n                  \u001b[36m>\u001b[39m\n                    \u001b[36m<td\u001b[39m\n                      \u001b[33mclass\u001b[39m=\u001b[32m\"p-4 align-middle [&:has([role=checkbox])]:pr-0\"\u001b[39m\n                    \u001b[36m>\u001b[39m\n                      \u001b[36m<svg\u001b[39m\n                        \u001b[33mclass\u001b[39m=\u001b[32m\"lucide lucide-chevron-right h-4 w-4\"\u001b[39m\n                        \u001b[33mfill\u001b[39m=\u001b[32m\"none\"\u001b[39m\n                        \u001b[33mheight\u001b[39m=\u001b[32m\"24\"\u001b[39m\n                        \u001b[33mstroke\u001b[39m=\u001b[32m\"currentColor\"\u001b[39m\n                        \u001b[33mstroke-linecap\u001b[39m=\u001b[32m\"round\"\u001b[39m\n                        \u001b[33mstroke-linejoin\u001b[39m=\u001b[32m\"round\"\u001b[39m\n                        \u001b[33mstroke-width\u001b[39m=\u001b[32m\"2\"\u001b[39m\n                        \u001b[33mviewBox\u001b[39m=\u001b[32m\"0 0 24 24\"\u001b[39m\n                        \u001b[33mwidth\u001b[39m=\u001b[32m\"24\"\u001b[39m\n                        \u001b[33mxmlns\u001b[39m=\u001b[32m\"http://www.w3.org/2000/svg\"\u001b[39m\n                      \u001b[36m>\u001b[39m\n                        \u001b[36m<path\u001b[39m\n                          \u001b[33md\u001b[39m=\u001b[32m\"m9 18 6-6-6-6\"\u001b[39m\n                        \u001b[36m/>\u001b[39m\n                      \u001b[36m</svg>\u001b[39m\n                    \u001b[36m</td>\u001b[39m\n                    \u001b[36m<td\u001b[39m\n                      \u001b[33mclass\u001b[39m=\u001b[32m\"p-4 align-middle [&:has([role=checkbox])]:pr-0\"\u001b[39m\n                    \u001b[36m>\u001b[39m\n                      \u001b[36m<span\u001b[39m\n                        \u001b[33mclass\u001b[39m=\u001b[32m\"px-2 py-1 rounded text-xs\"\u001b[39m\n                        \u001b[33mstyle\u001b[39m=\u001b[32m\"background-color: rgb(73, 37, 6);\"\u001b[39m\n                      \u001b[36m>\u001b[39m\n                        \u001b[0mFATAL\u001b[0m\n                      \u001b[36m</span>\u001b[39m\n                    \u001b[36m</td>\u001b[39m\n                    \u001b[36m<td\u001b[39m\n                      \u001b[33mclass\u001b[39m=\u001b[32m\"p-4 align-middle [&:has([role=checkbox])]:pr-0\"\u001b[39m\n                    \u001b[36m>\u001b[39m\n                      \u001b[0m01/07/2021\u001b[0m\n                    \u001b[36m</td>\u001b[39m\n                    \u001b[36m<td\u001b[39m\n                      \u001b[33mclass\u001b[39m=\u001b[32m\"p-4 align-middle [&:has([role=checkbox])]:pr-0 font-mono\"\u001b[39m\n                    \u001b[36m>\u001b[39m\n                      \u001b[0mTest fatal log\u001b[0m\n                    \u001b[36m</td>\u001b[39m\n                  \u001b[36m</tr>\u001b[39m\n                \u001b[36m</tbody>\u001b[39m\n              \u001b[36m</table>\u001b[39m\n            \u001b[36m</div>\u001b[39m\n          \u001b[36m</div>\u001b[39m\n        \u001b[36m</div>\u001b[39m\n      \u001b[36m</div>\u001b[39m\n    \u001b[36m</body>\u001b[39m\n\u001b[2m\u001b[22m\n\u001b[2m    \u001b[0m \u001b[90m 101 |\u001b[39m     )\u001b[33m;\u001b[39m\u001b[22m\n\u001b[2m     \u001b[90m 102 |\u001b[39m\u001b[22m\n\u001b[2m    \u001b[31m\u001b[1m>\u001b[22m\u001b[2m\u001b[39m\u001b[90m 103 |\u001b[39m     expect(screen\u001b[33m.\u001b[39mgetByText(\u001b[32m\"Showing 3 results\"\u001b[39m))\u001b[33m.\u001b[39mtoBeInTheDocument()\u001b[33m;\u001b[39m\u001b[22m\n\u001b[2m     \u001b[90m     |\u001b[39m                   \u001b[31m\u001b[1m^\u001b[22m\u001b[2m\u001b[39m\u001b[22m\n\u001b[2m     \u001b[90m 104 |\u001b[39m     expect(screen\u001b[33m.\u001b[39mgetByText(\u001b[32m\"Errors: 1\"\u001b[39m))\u001b[33m.\u001b[39mtoBeInTheDocument()\u001b[33m;\u001b[39m\u001b[22m\n\u001b[2m     \u001b[90m 105 |\u001b[39m     expect(screen\u001b[33m.\u001b[39mgetByText(\u001b[32m\"Fatal: 1\"\u001b[39m))\u001b[33m.\u001b[39mtoBeInTheDocument()\u001b[33m;\u001b[39m\u001b[22m\n\u001b[2m     \u001b[90m 106 |\u001b[39m   })\u001b[33m;\u001b[39m\u001b[0m\u001b[22m\n\u001b[2m\u001b[22m\n\u001b[2m      \u001b[2mat Object.getElementError (\u001b[22m\u001b[2mnode_modules/@testing-library/dom/dist/config.js\u001b[2m:37:19)\u001b[22m\u001b[2m\u001b[22m\n\u001b[2m      \u001b[2mat \u001b[22m\u001b[2mnode_modules/@testing-library/dom/dist/query-helpers.js\u001b[2m:76:38\u001b[22m\u001b[2m\u001b[22m\n\u001b[2m      \u001b[2mat \u001b[22m\u001b[2mnode_modules/@testing-library/dom/dist/query-helpers.js\u001b[2m:52:17\u001b[22m\u001b[2m\u001b[22m\n\u001b[2m      \u001b[2mat \u001b[22m\u001b[2mnode_modules/@testing-library/dom/dist/query-helpers.js\u001b[2m:95:19\u001b[22m\u001b[2m\u001b[22m\n\u001b[2m      \u001b[2mat Object.getByText (\u001b[22m\u001b[2m\u001b[0m\u001b[36mcomponents/ __tests__/LogList.test.tsx\u001b[39m\u001b[0m\u001b[2m:103:19)\u001b[22m\u001b[2m\u001b[22m\n","name":"/Users/axallevil/Documents/Career/2024-applications/projects/dash0/otlp-log-viewer/components/ __tests__/LogList.test.tsx","startTime":1729748011885,"status":"failed","summary":""}],"wasInterrupted":false}
